#
# There is insufficient memory for the Java Runtime Environment to continue.
# Native memory allocation (mmap) failed to map 58720256 bytes. Error detail: G1 virtual space
# Possible reasons:
#   The system is out of physical RAM or swap space
#   This process is running with CompressedOops enabled, and the Java Heap may be blocking the growth of the native heap
# Possible solutions:
#   Reduce memory load on the system
#   Increase physical memory or swap space
#   Check if swap backing store is full
#   Decrease Java heap size (-Xmx/-Xms)
#   Decrease number of Java threads
#   Decrease Java thread stack sizes (-Xss)
#   Set larger code cache with -XX:ReservedCodeCacheSize=
#   JVM is running with Unscaled Compressed Oops mode in which the Java heap is
#     placed in the first 4GB address space. The Java Heap base address is the
#     maximum limit for the native heap growth. Please use -XX:HeapBaseMinAddress
#     to set the Java Heap base and to place the Java Heap above 4GB virtual address.
# This output file may be truncated or incomplete.
#
#  Out of Memory Error (os_windows.cpp:3898), pid=30332, tid=16604
#
# JRE version:  (21.0.7+6) (build )
# Java VM: OpenJDK 64-Bit Server VM (21.0.7+6-b1038.58, mixed mode, sharing, tiered, compressed oops, compressed class ptrs, g1 gc, windows-amd64)
# No core dump will be written. Minidumps are not enabled by default on client versions of Windows
#

---------------  S U M M A R Y ------------

Command Line: git4idea.http.GitAskPassApp Username for 'https://github.com': 

Host: AMD Ryzen 3 3250U with Radeon Graphics         , 4 cores, 3G,  Windows 11 , 64 bit Build 22621 (10.0.22621.5415)
Time: Mon Sep  1 00:02:47 2025 Sri Lanka Standard Time elapsed time: 0.125760 seconds (0d 0h 0m 0s)

---------------  T H R E A D  ---------------

Current thread (0x000001a50a943700):  JavaThread "Unknown thread" [_thread_in_vm, id=16604, stack(0x0000000c6ec00000,0x0000000c6ed00000) (1024K)]

Stack: [0x0000000c6ec00000,0x0000000c6ed00000]
Native frames: (J=compiled Java code, j=interpreted, Vv=VM code, C=native code)
V  [jvm.dll+0x6e7c19]
V  [jvm.dll+0x8c5f53]
V  [jvm.dll+0x8c84ae]
V  [jvm.dll+0x8c8b93]
V  [jvm.dll+0x2899e6]
V  [jvm.dll+0x6e4455]
V  [jvm.dll+0x6d7f1a]
V  [jvm.dll+0x3640db]
V  [jvm.dll+0x36bca6]
V  [jvm.dll+0x3be046]
V  [jvm.dll+0x3be318]
V  [jvm.dll+0x33681c]
V  [jvm.dll+0x33750b]
V  [jvm.dll+0x88d3b9]
V  [jvm.dll+0x3cb218]
V  [jvm.dll+0x876408]
V  [jvm.dll+0x45ff5e]
V  [jvm.dll+0x461c41]
C  [jli.dll+0x52ab]
C  [ucrtbase.dll+0x29333]
C  [KERNEL32.DLL+0x1259d]
C  [ntdll.dll+0x5af78]


---------------  P R O C E S S  ---------------

Threads class SMR info:
_java_thread_list=0x00007ffa8f36d188, length=0, elements={
}

Java Threads: ( => current thread )
Total: 0

Other Threads:
  0x000001a50cbb74c0 WorkerThread "GC Thread#0"                     [id=33764, stack(0x0000000c6ed00000,0x0000000c6ee00000) (1024K)]
  0x000001a50cbc1b50 ConcurrentGCThread "G1 Main Marker"            [id=8048, stack(0x0000000c6ee00000,0x0000000c6ef00000) (1024K)]
  0x000001a50cbc2650 WorkerThread "G1 Conc#0"                       [id=26708, stack(0x0000000c6ef00000,0x0000000c6f000000) (1024K)]

[error occurred during error reporting (printing all threads), id 0xc0000005, EXCEPTION_ACCESS_VIOLATION (0xc0000005) at pc=0x00007ffa8ea598f7]
VM state: not at safepoint (not fully initialized)

VM Mutex/Monitor currently owned by a thread:  ([mutex/lock_event])
[0x00007ffa8f3e1bc8] Heap_lock - owner thread: 0x000001a50a943700

Heap address: 0x00000000c9c00000, size: 868 MB, Compressed Oops mode: 32-bit

CDS archive(s) mapped at: [0x0000000000000000-0x0000000000000000-0x0000000000000000), size 0, SharedBaseAddress: 0x0000000800000000, ArchiveRelocationMode: 1.
Narrow klass base: 0x0000000000000000, Narrow klass shift: 0, Narrow klass range: 0x0

GC Precious Log:
 CardTable entry size: 512
 Card Set container configuration: InlinePtr #cards 5 size 8 Array Of Cards #cards 12 size 40 Howl #buckets 4 coarsen threshold 1843 Howl Bitmap #cards 512 size 80 coarsen threshold 460 Card regions per heap region 1 cards per card region 2048

Heap:
 garbage-first heap   total 0K, used 0K [0x00000000c9c00000, 0x0000000100000000)
  region size 1024K, 0 young (0K), 0 survivors (0K)
 Metaspace       used 0K, committed 0K, reserved 0K
  class space    used 0K, committed 0K, reserved 0K

Heap Regions: E=young(eden), S=young(survivor), O=old, HS=humongous(starts), HC=humongous(continues), CS=collection set, F=free, TAMS=top-at-mark-start, PB=parsable bottom

Card table byte_map: [0x000001a51fd80000,0x000001a51ff40000] _byte_map_base: 0x000001a51f732000

Marking Bits: (CMBitMap*) 0x000001a50cbb7bc0
 Bits: [0x000001a51ff40000, 0x000001a520cd0000)

GC Heap History (0 events):
No events

Dll operation events (1 events):
Event: 0.055 Loaded shared library C:\Program Files\JetBrains\PyCharm 2025.2.0.1\jbr\bin\java.dll

Deoptimization events (0 events):
No events

Classes loaded (0 events):
No events

Classes unloaded (0 events):
No events

Classes redefined (0 events):
No events

Internal exceptions (0 events):
No events

ZGC Phase Switch (0 events):
No events

VM Operations (0 events):
No events

Memory protections (0 events):
No events

Nmethod flushes (0 events):
No events

Events (0 events):
No events


Dynamic libraries:
0x00007ff7e3f90000 - 0x00007ff7e3f9a000 	C:\Program Files\JetBrains\PyCharm 2025.2.0.1\jbr\bin\java.exe
0x00007ffb02ff0000 - 0x00007ffb03207000 	C:\WINDOWS\SYSTEM32\ntdll.dll
0x00007ffacf4a0000 - 0x00007ffacf4ba000 	C:\Program Files\Avast Software\Avast\aswhook.dll
0x00007ffb022b0000 - 0x00007ffb02374000 	C:\WINDOWS\System32\KERNEL32.DLL
0x00007ffb003d0000 - 0x00007ffb007a2000 	C:\WINDOWS\System32\KERNELBASE.dll
0x00007ffb00160000 - 0x00007ffb00271000 	C:\WINDOWS\System32\ucrtbase.dll
0x00007ffaf54c0000 - 0x00007ffaf54db000 	C:\Program Files\JetBrains\PyCharm 2025.2.0.1\jbr\bin\VCRUNTIME140.dll
0x00007ffaea470000 - 0x00007ffaea488000 	C:\Program Files\JetBrains\PyCharm 2025.2.0.1\jbr\bin\jli.dll
0x00007ffb02740000 - 0x00007ffb028f1000 	C:\WINDOWS\System32\USER32.dll
0x00007ffb007b0000 - 0x00007ffb007d6000 	C:\WINDOWS\System32\win32u.dll
0x00007ffb015a0000 - 0x00007ffb015c9000 	C:\WINDOWS\System32\GDI32.dll
0x00007ffb007e0000 - 0x00007ffb00903000 	C:\WINDOWS\System32\gdi32full.dll
0x00007ffb002b0000 - 0x00007ffb0034a000 	C:\WINDOWS\System32\msvcp_win.dll
0x00007ffaece40000 - 0x00007ffaed0db000 	C:\WINDOWS\WinSxS\amd64_microsoft.windows.common-controls_6595b64144ccf1df_6.0.22621.5547_none_27104afb73855772\COMCTL32.dll
0x00007ffb02900000 - 0x00007ffb029a7000 	C:\WINDOWS\System32\msvcrt.dll
0x00007ffb02eb0000 - 0x00007ffb02ee1000 	C:\WINDOWS\System32\IMM32.DLL
0x00007ffaf8510000 - 0x00007ffaf851c000 	C:\Program Files\JetBrains\PyCharm 2025.2.0.1\jbr\bin\vcruntime140_1.dll
0x00007ffac63b0000 - 0x00007ffac643d000 	C:\Program Files\JetBrains\PyCharm 2025.2.0.1\jbr\bin\msvcp140.dll
0x00007ffa8e710000 - 0x00007ffa8f4d4000 	C:\Program Files\JetBrains\PyCharm 2025.2.0.1\jbr\bin\server\jvm.dll
0x00007ffb02ef0000 - 0x00007ffb02fa1000 	C:\WINDOWS\System32\ADVAPI32.dll
0x00007ffb01d50000 - 0x00007ffb01df8000 	C:\WINDOWS\System32\sechost.dll
0x00007ffb00280000 - 0x00007ffb002a8000 	C:\WINDOWS\System32\bcrypt.dll
0x00007ffb02ac0000 - 0x00007ffb02bd4000 	C:\WINDOWS\System32\RPCRT4.dll
0x00007ffb02430000 - 0x00007ffb024a1000 	C:\WINDOWS\System32\WS2_32.dll
0x00007ffafc5a0000 - 0x00007ffafc5d4000 	C:\WINDOWS\SYSTEM32\WINMM.dll
0x00007ffaf6eb0000 - 0x00007ffaf6eba000 	C:\WINDOWS\SYSTEM32\VERSION.dll
0x00007ffafffb0000 - 0x00007ffaffffd000 	C:\WINDOWS\SYSTEM32\POWRPROF.dll
0x00007ffafff90000 - 0x00007ffafffa3000 	C:\WINDOWS\SYSTEM32\UMPDC.dll
0x00007ffaff110000 - 0x00007ffaff128000 	C:\WINDOWS\SYSTEM32\kernel.appcore.dll
0x00007ffaf66d0000 - 0x00007ffaf66da000 	C:\Program Files\JetBrains\PyCharm 2025.2.0.1\jbr\bin\jimage.dll
0x00007ffaf9080000 - 0x00007ffaf92b3000 	C:\WINDOWS\SYSTEM32\DBGHELP.DLL
0x00007ffb01f10000 - 0x00007ffb022a3000 	C:\WINDOWS\System32\combase.dll
0x00007ffb02d60000 - 0x00007ffb02e37000 	C:\WINDOWS\System32\OLEAUT32.dll
0x00007ffaf5d70000 - 0x00007ffaf5da2000 	C:\WINDOWS\SYSTEM32\dbgcore.DLL
0x00007ffb000e0000 - 0x00007ffb0015b000 	C:\WINDOWS\System32\bcryptPrimitives.dll
0x00007ffaf53c0000 - 0x00007ffaf53e0000 	C:\Program Files\JetBrains\PyCharm 2025.2.0.1\jbr\bin\java.dll

dbghelp: loaded successfully - version: 4.0.5 - missing functions: none
symbol engine: initialized successfully - sym options: 0x614 - pdb path: .;C:\Program Files\JetBrains\PyCharm 2025.2.0.1\jbr\bin;C:\WINDOWS\SYSTEM32;C:\Program Files\Avast Software\Avast;C:\WINDOWS\WinSxS\amd64_microsoft.windows.common-controls_6595b64144ccf1df_6.0.22621.5547_none_27104afb73855772;C:\Program Files\JetBrains\PyCharm 2025.2.0.1\jbr\bin\server

VM Arguments:
java_command: git4idea.http.GitAskPassApp Username for 'https://github.com': 
java_class_path (initial): C:/Program Files/JetBrains/PyCharm 2025.2.0.1/plugins/vcs-git/lib/git4idea-rt.jar;C:/Program Files/JetBrains/PyCharm 2025.2.0.1/lib/externalProcess-rt.jar
Launcher Type: SUN_STANDARD

[Global flags]
     intx CICompilerCount                          = 3                                         {product} {ergonomic}
     uint ConcGCThreads                            = 1                                         {product} {ergonomic}
     uint G1ConcRefinementThreads                  = 4                                         {product} {ergonomic}
   size_t G1HeapRegionSize                         = 1048576                                   {product} {ergonomic}
    uintx GCDrainStackTargetSize                   = 64                                        {product} {ergonomic}
   size_t InitialHeapSize                          = 58720256                                  {product} {ergonomic}
   size_t MarkStackSize                            = 4194304                                   {product} {ergonomic}
   size_t MaxHeapSize                              = 910163968                                 {product} {ergonomic}
   size_t MinHeapDeltaBytes                        = 1048576                                   {product} {ergonomic}
   size_t MinHeapSize                              = 8388608                                   {product} {ergonomic}
    uintx NonNMethodCodeHeapSize                   = 5832780                                {pd product} {ergonomic}
    uintx NonProfiledCodeHeapSize                  = 122912730                              {pd product} {ergonomic}
    uintx ProfiledCodeHeapSize                     = 122912730                              {pd product} {ergonomic}
    uintx ReservedCodeCacheSize                    = 251658240                              {pd product} {ergonomic}
     bool SegmentedCodeCache                       = true                                      {product} {ergonomic}
   size_t SoftMaxHeapSize                          = 910163968                              {manageable} {ergonomic}
     bool UseCompressedOops                        = true                           {product lp64_product} {ergonomic}
     bool UseG1GC                                  = true                                      {product} {ergonomic}
     bool UseLargePagesIndividualAllocation        = false                                  {pd product} {ergonomic}

Logging:
Log output configuration:
 #0: stdout all=warning uptime,level,tags foldmultilines=false
 #1: stderr all=off uptime,level,tags foldmultilines=false

Environment Variables:
PATH=C:/Program Files/Git/mingw64/libexec/git-core;C:/Program Files/Git/mingw64/libexec/git-core;C:\Program Files\Git\mingw64\bin;C:\Program Files\Git\usr\bin;C:\Users\wwwdi\bin;C:\WINDOWS\system32;C:\WINDOWS;C:\WINDOWS\System32\Wbem;C:\WINDOWS\System32\WindowsPowerShell\v1.0\;C:\WINDOWS\System32\OpenSSH\;C:\Program Files\HP\HP One Agent;C:\Program Files (x86)\Microsoft SQL Server\160\Tools\Binn\;C:\Program Files\Microsoft SQL Server\160\Tools\Binn\;C:\Program Files\Microsoft SQL Server\Client SDK\ODBC\170\Tools\Binn\;C:\Program Files\Microsoft SQL Server\160\DTS\Binn\;C:\Program Files (x86)\Microsoft SQL Server\160\DTS\Binn\;C:\Program Files\Git\cmd;C:\Users\wwwdi\AppData\Local\Programs\Python\Python313\Scripts\;C:\Users\wwwdi\AppData\Local\Programs\Python\Python313\;C:\Users\wwwdi\AppData\Local\Microsoft\WindowsApps;C:\Program Files\JetBrains\PyCharm 2025.2.0.1\bin
USERNAME=wwwdi
DISPLAY=:0.0
LC_ALL=en_US.UTF-8
TERM=xterm-256color
TMPDIR=C:\Users\wwwdi\AppData\Local\Temp
OS=Windows_NT
PROCESSOR_IDENTIFIER=AMD64 Family 23 Model 24 Stepping 1, AuthenticAMD
TMP=C:\Users\wwwdi\AppData\Local\Temp
TEMP=C:\Users\wwwdi\AppData\Local\Temp




Periodic native trim disabled

JNI global refs:
JNI global refs: 0, weak refs: 0

JNI global refs memory usage: 0, weak refs: 0

Process memory usage:
Resident Set Size: 11312K (0% of 3547160K total physical memory with 78628K free physical memory)

OOME stack traces (most recent first):
Classloader memory used:

---------------  S Y S T E M  ---------------

OS:
 Windows 11 , 64 bit Build 22621 (10.0.22621.5415)
OS uptime: 43 days 9:41 hours

CPU: total 4 (initial active 4) (4 cores per cpu, 2 threads per core) family 23 model 24 stepping 1 microcode 0x0, cx8, cmov, fxsr, ht, mmx, 3dnowpref, sse, sse2, sse3, ssse3, sse4a, sse4.1, sse4.2, popcnt, lzcnt, tsc, tscinvbit, avx, avx2, aes, clmul, bmi1, bmi2, adx, sha, fma, vzeroupper, clflush, clflushopt, rdtscp, f16c
Processor Information for the first 4 processors :
  Max Mhz: 2600, Current Mhz: 2600, Mhz Limit: 2600

Memory: 4k page, system-wide physical 3464M (76M free)
TotalPageFile size 14216M (AvailPageFile size 30M)
current process WorkingSet (physical memory assigned to process): 11M, peak: 11M
current process commit charge ("private bytes"): 51M, peak: 107M

vm_info: OpenJDK 64-Bit Server VM (21.0.7+6-b1038.58) for windows-amd64 JRE (21.0.7+6-b1038.58), built on 2025-07-07 by "builduser" with MS VC++ 16.10 / 16.11 (VS2019)

END.
