#
# There is insufficient memory for the Java Runtime Environment to continue.
# Native memory allocation (malloc) failed to allocate 868336 bytes. Error detail: Chunk::new
# Possible reasons:
#   The system is out of physical RAM or swap space
#   This process is running with CompressedOops enabled, and the Java Heap may be blocking the growth of the native heap
# Possible solutions:
#   Reduce memory load on the system
#   Increase physical memory or swap space
#   Check if swap backing store is full
#   Decrease Java heap size (-Xmx/-Xms)
#   Decrease number of Java threads
#   Decrease Java thread stack sizes (-Xss)
#   Set larger code cache with -XX:ReservedCodeCacheSize=
#   JVM is running with Unscaled Compressed Oops mode in which the Java heap is
#     placed in the first 4GB address space. The Java Heap base address is the
#     maximum limit for the native heap growth. Please use -XX:HeapBaseMinAddress
#     to set the Java Heap base and to place the Java Heap above 4GB virtual address.
# This output file may be truncated or incomplete.
#
#  Out of Memory Error (arena.cpp:168), pid=12280, tid=32624
#
# JRE version: OpenJDK Runtime Environment JBR-21.0.7+6-1038.58-jcef (21.0.7+6) (build 21.0.7+6-b1038.58)
# Java VM: OpenJDK 64-Bit Server VM JBR-21.0.7+6-1038.58-jcef (21.0.7+6-b1038.58, mixed mode, sharing, tiered, compressed oops, compressed class ptrs, g1 gc, windows-amd64)
# No core dump will be written. Minidumps are not enabled by default on client versions of Windows
#

---------------  S U M M A R Y ------------

Command Line: git4idea.http.GitAskPassApp Username for 'https://github.com': 

Host: AMD Ryzen 3 3250U with Radeon Graphics         , 4 cores, 3G,  Windows 11 , 64 bit Build 22621 (10.0.22621.5415)
Time: Sun Aug 31 16:37:35 2025 Sri Lanka Standard Time elapsed time: 5.362970 seconds (0d 0h 0m 5s)

---------------  T H R E A D  ---------------

Current thread (0x0000027cff154140):  JavaThread "C2 CompilerThread0" daemon [_thread_in_native, id=32624, stack(0x00000099ef200000,0x00000099ef300000) (1024K)]


Current CompileTask:
C2:5363 1114       4       sun.security.ec.ECOperations::setDouble (463 bytes)

Stack: [0x00000099ef200000,0x00000099ef300000]
Native frames: (J=compiled Java code, j=interpreted, Vv=VM code, C=native code)
V  [jvm.dll+0x6e7c19]
V  [jvm.dll+0x8c5f53]
V  [jvm.dll+0x8c84ae]
V  [jvm.dll+0x8c8b93]
V  [jvm.dll+0x2899e6]
V  [jvm.dll+0xc679d]
V  [jvm.dll+0xc6cd3]
V  [jvm.dll+0x2ff5f0]
V  [jvm.dll+0x60e709]
V  [jvm.dll+0x259ac2]
V  [jvm.dll+0x259e7f]
V  [jvm.dll+0x252625]
V  [jvm.dll+0x24fe7e]
V  [jvm.dll+0x1cd774]
V  [jvm.dll+0x25f80c]
V  [jvm.dll+0x25dd56]
V  [jvm.dll+0x4005d6]
V  [jvm.dll+0x86dab8]
V  [jvm.dll+0x6e639d]
C  [ucrtbase.dll+0x29333]
C  [KERNEL32.DLL+0x1259d]
C  [ntdll.dll+0x5af78]


---------------  P R O C E S S  ---------------

Threads class SMR info:
_java_thread_list=0x0000027cff3ae880, length=14, elements={
0x0000027cf5a14bb0, 0x0000027cff141a80, 0x0000027cff145b50, 0x0000027cff148e50,
0x0000027cff14c3b0, 0x0000027cff14d2a0, 0x0000027cff14e780, 0x0000027cff14f390,
0x0000027cff154140, 0x0000027cff156cb0, 0x0000027cff3da980, 0x0000027cff5fd270,
0x0000027cff6aaad0, 0x0000027cff6af590
}

Java Threads: ( => current thread )
  0x0000027cf5a14bb0 JavaThread "main"                              [_thread_blocked, id=31816, stack(0x00000099ee300000,0x00000099ee400000) (1024K)]
  0x0000027cff141a80 JavaThread "Common-Cleaner"             daemon [_thread_blocked, id=23068, stack(0x00000099eeb00000,0x00000099eec00000) (1024K)]
  0x0000027cff145b50 JavaThread "Reference Handler"          daemon [_thread_blocked, id=6920, stack(0x00000099eec00000,0x00000099eed00000) (1024K)]
  0x0000027cff148e50 JavaThread "Finalizer"                  daemon [_thread_blocked, id=22352, stack(0x00000099eed00000,0x00000099eee00000) (1024K)]
  0x0000027cff14c3b0 JavaThread "Signal Dispatcher"          daemon [_thread_blocked, id=31140, stack(0x00000099eee00000,0x00000099eef00000) (1024K)]
  0x0000027cff14d2a0 JavaThread "Attach Listener"            daemon [_thread_blocked, id=31952, stack(0x00000099eef00000,0x00000099ef000000) (1024K)]
  0x0000027cff14e780 JavaThread "Service Thread"             daemon [_thread_blocked, id=6320, stack(0x00000099ef000000,0x00000099ef100000) (1024K)]
  0x0000027cff14f390 JavaThread "Monitor Deflation Thread"   daemon [_thread_blocked, id=32292, stack(0x00000099ef100000,0x00000099ef200000) (1024K)]
=>0x0000027cff154140 JavaThread "C2 CompilerThread0"         daemon [_thread_in_native, id=32624, stack(0x00000099ef200000,0x00000099ef300000) (1024K)]
  0x0000027cff156cb0 JavaThread "C1 CompilerThread0"         daemon [_thread_blocked, id=31780, stack(0x00000099ef300000,0x00000099ef400000) (1024K)]
  0x0000027cff3da980 JavaThread "Notification Thread"        daemon [_thread_blocked, id=1076, stack(0x00000099ef400000,0x00000099ef500000) (1024K)]
  0x0000027cff5fd270 JavaThread "HttpClient-1-SelectorManager" daemon [_thread_in_native, id=31544, stack(0x00000099ef500000,0x00000099ef600000) (1024K)]
  0x0000027cff6aaad0 JavaThread "HttpClient-1-Worker-0"      daemon [_thread_blocked, id=2448, stack(0x00000099ef700000,0x00000099ef800000) (1024K)]
  0x0000027cff6af590 JavaThread "HttpClient-1-Worker-1"      daemon [_thread_blocked, id=16664, stack(0x00000099ef800000,0x00000099ef900000) (1024K)]
Total: 14

Other Threads:
  0x0000027cf7cfac20 VMThread "VM Thread"                           [id=16816, stack(0x00000099eea00000,0x00000099eeb00000) (1024K)]
  0x0000027cf7ce9e60 WatcherThread "VM Periodic Task Thread"        [id=16988, stack(0x00000099ee900000,0x00000099eea00000) (1024K)]
  0x0000027cf7c794f0 WorkerThread "GC Thread#0"                     [id=1728, stack(0x00000099ee400000,0x00000099ee500000) (1024K)]
  0x0000027cff6b8c50 WorkerThread "GC Thread#1"                     [id=33744, stack(0x00000099ef900000,0x00000099efa00000) (1024K)]
  0x0000027cff701740 WorkerThread "GC Thread#2"                     [id=18956, stack(0x00000099efa00000,0x00000099efb00000) (1024K)]
  0x0000027cff701ae0 WorkerThread "GC Thread#3"                     [id=28832, stack(0x00000099efb00000,0x00000099efc00000) (1024K)]
  0x0000027cf7c81150 ConcurrentGCThread "G1 Main Marker"            [id=29408, stack(0x00000099ee500000,0x00000099ee600000) (1024K)]
  0x0000027cf7c81ed0 WorkerThread "G1 Conc#0"                       [id=3332, stack(0x00000099ee600000,0x00000099ee700000) (1024K)]
  0x0000027cf7cd8330 ConcurrentGCThread "G1 Refine#0"               [id=29236, stack(0x00000099ee700000,0x00000099ee800000) (1024K)]
  0x0000027cf7cdb070 ConcurrentGCThread "G1 Service"                [id=23288, stack(0x00000099ee800000,0x00000099ee900000) (1024K)]
Total: 10

Threads with active compile tasks:
C2 CompilerThread0  5470 1114       4       sun.security.ec.ECOperations::setDouble (463 bytes)
Total: 1

VM state: not at safepoint (normal execution)

VM Mutex/Monitor currently owned by a thread: None

Heap address: 0x00000000c9c00000, size: 868 MB, Compressed Oops mode: 32-bit

CDS archive(s) mapped at: [0x0000027c8f000000-0x0000027c90bf0000-0x0000027c90bf0000), size 29294592, SharedBaseAddress: 0x0000027c8f000000, ArchiveRelocationMode: 1.
Compressed class space mapped at: 0x0000027c91000000-0x0000027cd1000000, reserved size: 1073741824
Narrow klass base: 0x0000027c8f000000, Narrow klass shift: 0, Narrow klass range: 0x100000000

GC Precious Log:
 CardTable entry size: 512
 Card Set container configuration: InlinePtr #cards 5 size 8 Array Of Cards #cards 12 size 40 Howl #buckets 4 coarsen threshold 1843 Howl Bitmap #cards 512 size 80 coarsen threshold 460 Card regions per heap region 1 cards per card region 2048
 CPUs: 4 total, 4 available
 Memory: 3464M
 Large Page Support: Disabled
 NUMA Support: Disabled
 Compressed Oops: Enabled (32-bit)
 Heap Region Size: 1M
 Heap Min Capacity: 8M
 Heap Initial Capacity: 56M
 Heap Max Capacity: 868M
 Pre-touch: Disabled
 Parallel Workers: 4
 Concurrent Workers: 1
 Concurrent Refinement Workers: 4
 Periodic GC: Disabled

Heap:
 garbage-first heap   total 57344K, used 2380K [0x00000000c9c00000, 0x0000000100000000)
  region size 1024K, 3 young (3072K), 2 survivors (2048K)
 Metaspace       used 3044K, committed 3264K, reserved 1114112K
  class space    used 351K, committed 448K, reserved 1048576K

Heap Regions: E=young(eden), S=young(survivor), O=old, HS=humongous(starts), HC=humongous(continues), CS=collection set, F=free, TAMS=top-at-mark-start, PB=parsable bottom
|   0|0x00000000c9c00000, 0x00000000c9c53030, 0x00000000c9d00000| 32%| O|  |TAMS 0x00000000c9c00000| PB 0x00000000c9c00000| Untracked 
|   1|0x00000000c9d00000, 0x00000000c9d00000, 0x00000000c9e00000|  0%| F|  |TAMS 0x00000000c9d00000| PB 0x00000000c9d00000| Untracked 
|   2|0x00000000c9e00000, 0x00000000c9e00000, 0x00000000c9f00000|  0%| F|  |TAMS 0x00000000c9e00000| PB 0x00000000c9e00000| Untracked 
|   3|0x00000000c9f00000, 0x00000000c9f00000, 0x00000000ca000000|  0%| F|  |TAMS 0x00000000c9f00000| PB 0x00000000c9f00000| Untracked 
|   4|0x00000000ca000000, 0x00000000ca000000, 0x00000000ca100000|  0%| F|  |TAMS 0x00000000ca000000| PB 0x00000000ca000000| Untracked 
|   5|0x00000000ca100000, 0x00000000ca100000, 0x00000000ca200000|  0%| F|  |TAMS 0x00000000ca100000| PB 0x00000000ca100000| Untracked 
|   6|0x00000000ca200000, 0x00000000ca200000, 0x00000000ca300000|  0%| F|  |TAMS 0x00000000ca200000| PB 0x00000000ca200000| Untracked 
|   7|0x00000000ca300000, 0x00000000ca300000, 0x00000000ca400000|  0%| F|  |TAMS 0x00000000ca300000| PB 0x00000000ca300000| Untracked 
|   8|0x00000000ca400000, 0x00000000ca400000, 0x00000000ca500000|  0%| F|  |TAMS 0x00000000ca400000| PB 0x00000000ca400000| Untracked 
|   9|0x00000000ca500000, 0x00000000ca500000, 0x00000000ca600000|  0%| F|  |TAMS 0x00000000ca500000| PB 0x00000000ca500000| Untracked 
|  10|0x00000000ca600000, 0x00000000ca600000, 0x00000000ca700000|  0%| F|  |TAMS 0x00000000ca600000| PB 0x00000000ca600000| Untracked 
|  11|0x00000000ca700000, 0x00000000ca700000, 0x00000000ca800000|  0%| F|  |TAMS 0x00000000ca700000| PB 0x00000000ca700000| Untracked 
|  12|0x00000000ca800000, 0x00000000ca800000, 0x00000000ca900000|  0%| F|  |TAMS 0x00000000ca800000| PB 0x00000000ca800000| Untracked 
|  13|0x00000000ca900000, 0x00000000ca900000, 0x00000000caa00000|  0%| F|  |TAMS 0x00000000ca900000| PB 0x00000000ca900000| Untracked 
|  14|0x00000000caa00000, 0x00000000caa00000, 0x00000000cab00000|  0%| F|  |TAMS 0x00000000caa00000| PB 0x00000000caa00000| Untracked 
|  15|0x00000000cab00000, 0x00000000cab00000, 0x00000000cac00000|  0%| F|  |TAMS 0x00000000cab00000| PB 0x00000000cab00000| Untracked 
|  16|0x00000000cac00000, 0x00000000cac00000, 0x00000000cad00000|  0%| F|  |TAMS 0x00000000cac00000| PB 0x00000000cac00000| Untracked 
|  17|0x00000000cad00000, 0x00000000cad00000, 0x00000000cae00000|  0%| F|  |TAMS 0x00000000cad00000| PB 0x00000000cad00000| Untracked 
|  18|0x00000000cae00000, 0x00000000cae00000, 0x00000000caf00000|  0%| F|  |TAMS 0x00000000cae00000| PB 0x00000000cae00000| Untracked 
|  19|0x00000000caf00000, 0x00000000caf00000, 0x00000000cb000000|  0%| F|  |TAMS 0x00000000caf00000| PB 0x00000000caf00000| Untracked 
|  20|0x00000000cb000000, 0x00000000cb000000, 0x00000000cb100000|  0%| F|  |TAMS 0x00000000cb000000| PB 0x00000000cb000000| Untracked 
|  21|0x00000000cb100000, 0x00000000cb100000, 0x00000000cb200000|  0%| F|  |TAMS 0x00000000cb100000| PB 0x00000000cb100000| Untracked 
|  22|0x00000000cb200000, 0x00000000cb200000, 0x00000000cb300000|  0%| F|  |TAMS 0x00000000cb200000| PB 0x00000000cb200000| Untracked 
|  23|0x00000000cb300000, 0x00000000cb300000, 0x00000000cb400000|  0%| F|  |TAMS 0x00000000cb300000| PB 0x00000000cb300000| Untracked 
|  24|0x00000000cb400000, 0x00000000cb400000, 0x00000000cb500000|  0%| F|  |TAMS 0x00000000cb400000| PB 0x00000000cb400000| Untracked 
|  25|0x00000000cb500000, 0x00000000cb500000, 0x00000000cb600000|  0%| F|  |TAMS 0x00000000cb500000| PB 0x00000000cb500000| Untracked 
|  26|0x00000000cb600000, 0x00000000cb600000, 0x00000000cb700000|  0%| F|  |TAMS 0x00000000cb600000| PB 0x00000000cb600000| Untracked 
|  27|0x00000000cb700000, 0x00000000cb700000, 0x00000000cb800000|  0%| F|  |TAMS 0x00000000cb700000| PB 0x00000000cb700000| Untracked 
|  28|0x00000000cb800000, 0x00000000cb800000, 0x00000000cb900000|  0%| F|  |TAMS 0x00000000cb800000| PB 0x00000000cb800000| Untracked 
|  29|0x00000000cb900000, 0x00000000cb900000, 0x00000000cba00000|  0%| F|  |TAMS 0x00000000cb900000| PB 0x00000000cb900000| Untracked 
|  30|0x00000000cba00000, 0x00000000cba00000, 0x00000000cbb00000|  0%| F|  |TAMS 0x00000000cba00000| PB 0x00000000cba00000| Untracked 
|  31|0x00000000cbb00000, 0x00000000cbb00000, 0x00000000cbc00000|  0%| F|  |TAMS 0x00000000cbb00000| PB 0x00000000cbb00000| Untracked 
|  32|0x00000000cbc00000, 0x00000000cbc00000, 0x00000000cbd00000|  0%| F|  |TAMS 0x00000000cbc00000| PB 0x00000000cbc00000| Untracked 
|  33|0x00000000cbd00000, 0x00000000cbd00000, 0x00000000cbe00000|  0%| F|  |TAMS 0x00000000cbd00000| PB 0x00000000cbd00000| Untracked 
|  34|0x00000000cbe00000, 0x00000000cbe00000, 0x00000000cbf00000|  0%| F|  |TAMS 0x00000000cbe00000| PB 0x00000000cbe00000| Untracked 
|  35|0x00000000cbf00000, 0x00000000cbf00000, 0x00000000cc000000|  0%| F|  |TAMS 0x00000000cbf00000| PB 0x00000000cbf00000| Untracked 
|  36|0x00000000cc000000, 0x00000000cc000000, 0x00000000cc100000|  0%| F|  |TAMS 0x00000000cc000000| PB 0x00000000cc000000| Untracked 
|  37|0x00000000cc100000, 0x00000000cc100000, 0x00000000cc200000|  0%| F|  |TAMS 0x00000000cc100000| PB 0x00000000cc100000| Untracked 
|  38|0x00000000cc200000, 0x00000000cc200000, 0x00000000cc300000|  0%| F|  |TAMS 0x00000000cc200000| PB 0x00000000cc200000| Untracked 
|  39|0x00000000cc300000, 0x00000000cc300000, 0x00000000cc400000|  0%| F|  |TAMS 0x00000000cc300000| PB 0x00000000cc300000| Untracked 
|  40|0x00000000cc400000, 0x00000000cc400000, 0x00000000cc500000|  0%| F|  |TAMS 0x00000000cc400000| PB 0x00000000cc400000| Untracked 
|  41|0x00000000cc500000, 0x00000000cc600000, 0x00000000cc600000|100%| S|CS|TAMS 0x00000000cc500000| PB 0x00000000cc500000| Complete 
|  42|0x00000000cc600000, 0x00000000cc700000, 0x00000000cc700000|100%| S|CS|TAMS 0x00000000cc600000| PB 0x00000000cc600000| Complete 
|  43|0x00000000cc700000, 0x00000000cc700000, 0x00000000cc800000|  0%| F|  |TAMS 0x00000000cc700000| PB 0x00000000cc700000| Untracked 
|  44|0x00000000cc800000, 0x00000000cc800000, 0x00000000cc900000|  0%| F|  |TAMS 0x00000000cc800000| PB 0x00000000cc800000| Untracked 
|  45|0x00000000cc900000, 0x00000000cc900000, 0x00000000cca00000|  0%| F|  |TAMS 0x00000000cc900000| PB 0x00000000cc900000| Untracked 
|  46|0x00000000cca00000, 0x00000000cca00000, 0x00000000ccb00000|  0%| F|  |TAMS 0x00000000cca00000| PB 0x00000000cca00000| Untracked 
|  47|0x00000000ccb00000, 0x00000000ccb00000, 0x00000000ccc00000|  0%| F|  |TAMS 0x00000000ccb00000| PB 0x00000000ccb00000| Untracked 
|  48|0x00000000ccc00000, 0x00000000ccc00000, 0x00000000ccd00000|  0%| F|  |TAMS 0x00000000ccc00000| PB 0x00000000ccc00000| Untracked 
|  49|0x00000000ccd00000, 0x00000000ccd00000, 0x00000000cce00000|  0%| F|  |TAMS 0x00000000ccd00000| PB 0x00000000ccd00000| Untracked 
|  50|0x00000000cce00000, 0x00000000cce00000, 0x00000000ccf00000|  0%| F|  |TAMS 0x00000000cce00000| PB 0x00000000cce00000| Untracked 
|  51|0x00000000ccf00000, 0x00000000ccf00000, 0x00000000cd000000|  0%| F|  |TAMS 0x00000000ccf00000| PB 0x00000000ccf00000| Untracked 
|  52|0x00000000cd000000, 0x00000000cd000000, 0x00000000cd100000|  0%| F|  |TAMS 0x00000000cd000000| PB 0x00000000cd000000| Untracked 
|  53|0x00000000cd100000, 0x00000000cd100000, 0x00000000cd200000|  0%| F|  |TAMS 0x00000000cd100000| PB 0x00000000cd100000| Untracked 
|  54|0x00000000cd200000, 0x00000000cd200000, 0x00000000cd300000|  0%| F|  |TAMS 0x00000000cd200000| PB 0x00000000cd200000| Untracked 
|  55|0x00000000cd300000, 0x00000000cd37aea0, 0x00000000cd400000| 48%| E|  |TAMS 0x00000000cd300000| PB 0x00000000cd300000| Complete 

Card table byte_map: [0x0000027cfbc80000,0x0000027cfbe40000] _byte_map_base: 0x0000027cfb632000

Marking Bits: (CMBitMap*) 0x0000027cf7c79bf0
 Bits: [0x0000027cfbe40000, 0x0000027cfcbd0000)

Polling page: 0x0000027cf59a0000

Metaspace:

Usage:
  Non-class:      2.63 MB used.
      Class:    351.28 KB used.
       Both:      2.97 MB used.

Virtual space:
  Non-class space:       64.00 MB reserved,       2.75 MB (  4%) committed,  1 nodes.
      Class space:        1.00 GB reserved,     448.00 KB ( <1%) committed,  1 nodes.
             Both:        1.06 GB reserved,       3.19 MB ( <1%) committed. 

Chunk freelists:
   Non-Class:  10.45 MB
       Class:  15.44 MB
        Both:  25.89 MB

MaxMetaspaceSize: unlimited
CompressedClassSpaceSize: 1.00 GB
Initial GC threshold: 21.00 MB
Current GC threshold: 21.00 MB
CDS: on
 - commit_granule_bytes: 65536.
 - commit_granule_words: 8192.
 - virtual_space_node_default_size: 8388608.
 - enlarge_chunks_in_place: 1.
 - use_allocation_guard: 0.


Internal statistics:

num_allocs_failed_limit: 0.
num_arena_births: 174.
num_arena_deaths: 0.
num_vsnodes_births: 2.
num_vsnodes_deaths: 0.
num_space_committed: 51.
num_space_uncommitted: 0.
num_chunks_returned_to_freelist: 0.
num_chunks_taken_from_freelist: 321.
num_chunk_merges: 0.
num_chunk_splits: 181.
num_chunks_enlarged: 73.
num_inconsistent_stats: 0.

CodeHeap 'non-profiled nmethods': size=120000Kb used=372Kb max_used=372Kb free=119627Kb
 bounds [0x0000027c87ad0000, 0x0000027c87d40000, 0x0000027c8f000000]
CodeHeap 'profiled nmethods': size=120000Kb used=1775Kb max_used=1775Kb free=118224Kb
 bounds [0x0000027c80000000, 0x0000027c80270000, 0x0000027c87530000]
CodeHeap 'non-nmethods': size=5760Kb used=1424Kb max_used=1440Kb free=4335Kb
 bounds [0x0000027c87530000, 0x0000027c877a0000, 0x0000027c87ad0000]
 total_blobs=1639 nmethods=1128 adapters=416
 compilation: enabled
              stopped_count=0, restarted_count=0
 full_count=0

Compilation events (20 events):
Event: 5.226 Thread 0x0000027cff156cb0 1119   !   3       java.lang.ref.NativeReferenceQueue::enqueue (20 bytes)
Event: 5.226 Thread 0x0000027cff156cb0 nmethod 1119 0x0000027c801b6b10 code [0x0000027c801b6cc0, 0x0000027c801b6ef0]
Event: 5.227 Thread 0x0000027cff154140 nmethod 1113 0x0000027c87b2c810 code [0x0000027c87b2c9a0, 0x0000027c87b2cad8]
Event: 5.227 Thread 0x0000027cff154140 1114       4       sun.security.ec.ECOperations::setDouble (463 bytes)
Event: 5.262 Thread 0x0000027cff156cb0 1123       3       sun.security.ec.ECOperations$PointMultiplier$Secp256R1GeneratorMultiplier::bit (13 bytes)
Event: 5.262 Thread 0x0000027cff156cb0 nmethod 1123 0x0000027c801b7010 code [0x0000027c801b71a0, 0x0000027c801b72c8]
Event: 5.263 Thread 0x0000027cff156cb0 1124       3       java.nio.HeapByteBuffer::get (14 bytes)
Event: 5.264 Thread 0x0000027cff156cb0 nmethod 1124 0x0000027c801b7390 code [0x0000027c801b7560, 0x0000027c801b7838]
Event: 5.265 Thread 0x0000027cff156cb0 1125       3       java.util.LinkedList$ListItr::hasNext (20 bytes)
Event: 5.266 Thread 0x0000027cff156cb0 nmethod 1125 0x0000027c801b7a10 code [0x0000027c801b7bc0, 0x0000027c801b7d30]
Event: 5.266 Thread 0x0000027cff156cb0 1126       3       java.lang.Enum::hashCode (21 bytes)
Event: 5.266 Thread 0x0000027cff156cb0 nmethod 1126 0x0000027c801b7e10 code [0x0000027c801b7fc0, 0x0000027c801b8148]
Event: 5.272 Thread 0x0000027cff156cb0 1128       3       java.lang.ref.ReferenceQueue::poll0 (65 bytes)
Event: 5.273 Thread 0x0000027cff156cb0 nmethod 1128 0x0000027c801b8210 code [0x0000027c801b83e0, 0x0000027c801b88d8]
Event: 5.273 Thread 0x0000027cff156cb0 1129   !   3       java.lang.ref.NativeReferenceQueue::poll (28 bytes)
Event: 5.273 Thread 0x0000027cff156cb0 nmethod 1129 0x0000027c801b8a10 code [0x0000027c801b8be0, 0x0000027c801b8f28]
Event: 5.273 Thread 0x0000027cff156cb0 1130   !   3       java.util.concurrent.ConcurrentHashMap::replaceNode (437 bytes)
Event: 5.277 Thread 0x0000027cff156cb0 nmethod 1130 0x0000027c801b9090 code [0x0000027c801b9400, 0x0000027c801babb8]
Event: 5.279 Thread 0x0000027cff156cb0 1131       3       jdk.internal.util.ReferencedKeyMap::removeStaleReferences (30 bytes)
Event: 5.280 Thread 0x0000027cff156cb0 nmethod 1131 0x0000027c801bb910 code [0x0000027c801bbae0, 0x0000027c801bbe40]

GC Heap History (2 events):
Event: 5.194 GC heap before
{Heap before GC invocations=0 (full 0):
 garbage-first heap   total 57344K, used 12288K [0x00000000c9c00000, 0x0000000100000000)
  region size 1024K, 13 young (13312K), 0 survivors (0K)
 Metaspace       used 3010K, committed 3264K, reserved 1114112K
  class space    used 346K, committed 448K, reserved 1048576K
}
Event: 5.223 GC heap after
{Heap after GC invocations=1 (full 0):
 garbage-first heap   total 57344K, used 2380K [0x00000000c9c00000, 0x0000000100000000)
  region size 1024K, 2 young (2048K), 2 survivors (2048K)
 Metaspace       used 3010K, committed 3264K, reserved 1114112K
  class space    used 346K, committed 448K, reserved 1048576K
}

Dll operation events (2 events):
Event: 0.526 Loaded shared library C:\Program Files\JetBrains\PyCharm 2025.2.0.1\jbr\bin\java.dll
Event: 2.174 Loaded shared library C:\Program Files\JetBrains\PyCharm 2025.2.0.1\jbr\bin\zip.dll

Deoptimization events (12 events):
Event: 3.587 Thread 0x0000027cf5a14bb0 DEOPT PACKING pc=0x0000027c8001bc4c sp=0x00000099ee3fdd30
Event: 3.587 Thread 0x0000027cf5a14bb0 DEOPT UNPACKING pc=0x0000027c87584e42 sp=0x00000099ee3fd150 mode 0
Event: 4.228 Thread 0x0000027cf5a14bb0 DEOPT PACKING pc=0x0000027c8001a0cc sp=0x00000099ee3fe3a0
Event: 4.228 Thread 0x0000027cf5a14bb0 DEOPT UNPACKING pc=0x0000027c87584e42 sp=0x00000099ee3fd808 mode 0
Event: 5.271 Thread 0x0000027cff6aaad0 Uncommon trap: trap_request=0xffffff45 fr.pc=0x0000027c87b1d238 relative=0x0000000000000098
Event: 5.271 Thread 0x0000027cff6aaad0 Uncommon trap: reason=unstable_if action=reinterpret pc=0x0000027c87b1d238 method=java.lang.ref.ReferenceQueue.headIsNull()Z @ 4 c2
Event: 5.271 Thread 0x0000027cff6aaad0 DEOPT PACKING pc=0x0000027c87b1d238 sp=0x00000099ef7fde20
Event: 5.271 Thread 0x0000027cff6aaad0 DEOPT UNPACKING pc=0x0000027c875846a2 sp=0x00000099ef7fdce0 mode 2
Event: 5.271 Thread 0x0000027cff6aaad0 Uncommon trap: trap_request=0xffffff45 fr.pc=0x0000027c87b1d58c relative=0x000000000000006c
Event: 5.271 Thread 0x0000027cff6aaad0 Uncommon trap: reason=unstable_if action=reinterpret pc=0x0000027c87b1d58c method=java.lang.ref.ReferenceQueue.headIsNull()Z @ 4 c2
Event: 5.271 Thread 0x0000027cff6aaad0 DEOPT PACKING pc=0x0000027c87b1d58c sp=0x00000099ef7fddb0
Event: 5.271 Thread 0x0000027cff6aaad0 DEOPT UNPACKING pc=0x0000027c875846a2 sp=0x00000099ef7fdce0 mode 2

Classes loaded (20 events):
Event: 4.108 Loading class jdk/net/ExtendedSocketOptions$2
Event: 4.108 Loading class jdk/net/ExtendedSocketOptions$2 done
Event: 4.109 Loading class jdk/net/WindowsSocketOptions
Event: 4.109 Loading class jdk/net/WindowsSocketOptions done
Event: 4.227 Loading class jdk/net/ExtendedSocketOptions$1
Event: 4.227 Loading class jdk/net/ExtendedSocketOptions$1 done
Event: 4.243 Loading class java/nio/BufferMismatch
Event: 4.261 Loading class java/nio/BufferMismatch done
Event: 4.261 Loading class sun/nio/ch/SourceChannelImpl
Event: 4.274 Loading class java/nio/channels/Pipe$SourceChannel
Event: 4.280 Loading class java/nio/channels/Pipe$SourceChannel done
Event: 4.280 Loading class sun/nio/ch/SourceChannelImpl done
Event: 4.281 Loading class sun/nio/ch/SinkChannelImpl
Event: 4.288 Loading class java/nio/channels/Pipe$SinkChannel
Event: 4.288 Loading class java/nio/channels/Pipe$SinkChannel done
Event: 4.288 Loading class sun/nio/ch/SinkChannelImpl done
Event: 4.373 Loading class sun/net/spi/DefaultProxySelector$NonProxyInfo
Event: 4.378 Loading class sun/net/spi/DefaultProxySelector$NonProxyInfo done
Event: 4.378 Loading class sun/net/spi/DefaultProxySelector$3
Event: 4.378 Loading class sun/net/spi/DefaultProxySelector$3 done

Classes unloaded (0 events):
No events

Classes redefined (0 events):
No events

Internal exceptions (19 events):
Event: 2.360 Thread 0x0000027cf5a14bb0 Exception <a 'sun/nio/fs/WindowsException'{0x00000000cd0321e8}> (0x00000000cd0321e8) 
thrown [s\src\hotspot\share\prims\jni.cpp, line 537]
Event: 3.171 Thread 0x0000027cf5a14bb0 Exception <a 'java/lang/NoSuchMethodError'{0x00000000ccf57b20}: 'java.lang.Object java.lang.invoke.DirectMethodHandle$Holder.invokeStaticInit(java.lang.Object, java.lang.Object, int, int, int, int)'> (0x00000000ccf57b20) 
thrown [s\src\hotspot\share\interpreter\linkResolver.cpp, line 784]
Event: 3.308 Thread 0x0000027cf5a14bb0 Exception <a 'java/lang/NoSuchMethodError'{0x00000000cce18550}: 'java.lang.Object java.lang.invoke.DirectMethodHandle$Holder.invokeStaticInit(java.lang.Object, java.lang.Object, int)'> (0x00000000cce18550) 
thrown [s\src\hotspot\share\interpreter\linkResolver.cpp, line 784]
Event: 3.310 Thread 0x0000027cf5a14bb0 Exception <a 'java/lang/NoSuchMethodError'{0x00000000cce1e458}: 'java.lang.Object java.lang.invoke.DirectMethodHandle$Holder.newInvokeSpecial(java.lang.Object, java.lang.Object, int)'> (0x00000000cce1e458) 
thrown [s\src\hotspot\share\interpreter\linkResolver.cpp, line 784]
Event: 3.325 Thread 0x0000027cf5a14bb0 Exception <a 'java/lang/NoSuchMethodError'{0x00000000cce31de0}: 'int java.lang.invoke.DirectMethodHandle$Holder.invokeSpecialIFC(java.lang.Object, java.lang.Object, java.lang.Object)'> (0x00000000cce31de0) 
thrown [s\src\hotspot\share\interpreter\linkResolver.cpp, line 784]
Event: 3.391 Thread 0x0000027cf5a14bb0 Exception <a 'java/lang/NoSuchMethodError'{0x00000000cce6a198}: 'java.lang.Object java.lang.invoke.Invokers$Holder.invoke_MT(java.lang.Object, java.lang.Object, java.lang.Object, java.lang.Object, java.lang.Object, java.lang.Object, java.lang.Object, java.lang.Object, java.lang.Object, java.lang.Object)'> (0x00000000cce6a198) 
thrown [s\src\hotspot\share\interpreter\linkResolver.cpp, line 784]
Event: 3.474 Thread 0x0000027cf5a14bb0 Exception <a 'java/lang/NoSuchMethodError'{0x00000000ccea9b98}: 'int java.lang.invoke.DirectMethodHandle$Holder.invokeSpecial(java.lang.Object, java.lang.Object, java.lang.Object, java.lang.Object)'> (0x00000000ccea9b98) 
thrown [s\src\hotspot\share\interpreter\linkResolver.cpp, line 784]
Event: 3.489 Thread 0x0000027cf5a14bb0 Exception <a 'java/lang/NoSuchMethodError'{0x00000000ccebeec8}: 'java.lang.Object java.lang.invoke.DirectMethodHandle$Holder.invokeSpecial(java.lang.Object, java.lang.Object, int, java.lang.Object, java.lang.Object)'> (0x00000000ccebeec8) 
thrown [s\src\hotspot\share\interpreter\linkResolver.cpp, line 784]
Event: 3.490 Thread 0x0000027cf5a14bb0 Exception <a 'java/lang/NoSuchMethodError'{0x00000000ccec2858}: 'java.lang.Object java.lang.invoke.DelegatingMethodHandle$Holder.delegate(java.lang.Object, int, java.lang.Object, java.lang.Object)'> (0x00000000ccec2858) 
thrown [s\src\hotspot\share\interpreter\linkResolver.cpp, line 784]
Event: 3.505 Thread 0x0000027cf5a14bb0 Exception <a 'java/lang/NoSuchMethodError'{0x00000000cced20c0}: 'int java.lang.invoke.Invokers$Holder.linkToTargetMethod(java.lang.Object, java.lang.Object, java.lang.Object)'> (0x00000000cced20c0) 
thrown [s\src\hotspot\share\interpreter\linkResolver.cpp, line 784]
Event: 3.527 Thread 0x0000027cf5a14bb0 Exception <a 'java/lang/NoSuchMethodError'{0x00000000ccd047c8}: 'long java.lang.invoke.DirectMethodHandle$Holder.invokeSpecial(java.lang.Object, java.lang.Object)'> (0x00000000ccd047c8) 
thrown [s\src\hotspot\share\interpreter\linkResolver.cpp, line 784]
Event: 3.536 Thread 0x0000027cf5a14bb0 Exception <a 'java/lang/NoSuchMethodError'{0x00000000ccd0b518}: 'java.lang.Object java.lang.invoke.Invokers$Holder.invokeExact_MT(java.lang.Object, java.lang.Object, java.lang.Object, java.lang.Object, java.lang.Object, java.lang.Object)'> (0x00000000ccd0b518) 
thrown [s\src\hotspot\share\interpreter\linkResolver.cpp, line 784]
Event: 4.357 Thread 0x0000027cf5a14bb0 Exception <a 'java/lang/NoSuchMethodError'{0x00000000ccb499d8}: 'java.lang.Object java.lang.invoke.DirectMethodHandle$Holder.newInvokeSpecial(java.lang.Object, java.lang.Object, java.lang.Object, java.lang.Object, java.lang.Object)'> (0x00000000ccb499d8) 
thrown [s\src\hotspot\share\interpreter\linkResolver.cpp, line 784]
Event: 4.547 Thread 0x0000027cf5a14bb0 Exception <a 'java/lang/NoSuchMethodError'{0x00000000ccad2300}: 'java.lang.Object java.lang.invoke.DirectMethodHandle$Holder.invokeSpecial(java.lang.Object, java.lang.Object, java.lang.Object, java.lang.Object, int)'> (0x00000000ccad2300) 
thrown [s\src\hotspot\share\interpreter\linkResolver.cpp, line 784]
Event: 4.549 Thread 0x0000027cf5a14bb0 Exception <a 'java/lang/NoSuchMethodError'{0x00000000ccad5ec8}: 'java.lang.Object java.lang.invoke.Invokers$Holder.linkToTargetMethod(java.lang.Object, java.lang.Object, int, java.lang.Object)'> (0x00000000ccad5ec8) 
thrown [s\src\hotspot\share\interpreter\linkResolver.cpp, line 784]
Event: 4.583 Thread 0x0000027cf5a14bb0 Exception <a 'java/lang/NoSuchMethodError'{0x00000000cc9046b8}: 'void java.lang.invoke.DirectMethodHandle$Holder.invokeSpecial(java.lang.Object, java.lang.Object, java.lang.Object)'> (0x00000000cc9046b8) 
thrown [s\src\hotspot\share\interpreter\linkResolver.cpp, line 784]
Event: 4.650 Thread 0x0000027cff5fd270 Exception <a 'java/lang/NoSuchMethodError'{0x00000000ccb211e0}: 'void java.lang.invoke.DirectMethodHandle$Holder.invokeStatic(java.lang.Object, java.lang.Object, int)'> (0x00000000ccb211e0) 
thrown [s\src\hotspot\share\interpreter\linkResolver.cpp, line 784]
Event: 4.689 Thread 0x0000027cf5a14bb0 Exception <a 'java/lang/NoSuchMethodError'{0x00000000cc9d71e8}: 'void java.lang.invoke.DirectMethodHandle$Holder.invokeSpecial(java.lang.Object, java.lang.Object, java.lang.Object, java.lang.Object, java.lang.Object)'> (0x00000000cc9d71e8) 
thrown [s\src\hotspot\share\interpreter\linkResolver.cpp, line 784]
Event: 4.693 Thread 0x0000027cff6aaad0 Exception <a 'java/lang/NoSuchMethodError'{0x00000000cc824198}: 'void java.lang.invoke.DirectMethodHandle$Holder.invokeInterface(java.lang.Object, java.lang.Object, java.lang.Object)'> (0x00000000cc824198) 
thrown [s\src\hotspot\share\interpreter\linkResolver.cpp, line 784]

ZGC Phase Switch (0 events):
No events

VM Operations (12 events):
Event: 1.633 Executing VM operation: HandshakeAllThreads (Deoptimize)
Event: 1.633 Executing VM operation: HandshakeAllThreads (Deoptimize) done
Event: 2.632 Executing VM operation: Cleanup
Event: 2.632 Executing VM operation: Cleanup done
Event: 2.853 Executing VM operation: HandshakeAllThreads (Deoptimize)
Event: 2.853 Executing VM operation: HandshakeAllThreads (Deoptimize) done
Event: 3.860 Executing VM operation: Cleanup
Event: 3.860 Executing VM operation: Cleanup done
Event: 4.657 Executing VM operation: HandshakeAllThreads (Deoptimize)
Event: 4.657 Executing VM operation: HandshakeAllThreads (Deoptimize) done
Event: 5.193 Executing VM operation: G1CollectForAllocation (G1 Evacuation Pause)
Event: 5.223 Executing VM operation: G1CollectForAllocation (G1 Evacuation Pause) done

Memory protections (0 events):
No events

Nmethod flushes (0 events):
No events

Events (20 events):
Event: 1.225 Thread 0x0000027cf5a14bb0 Thread added: 0x0000027cf5a14bb0
Event: 1.361 Thread 0x0000027cf5a14bb0 Thread added: 0x0000027cff141a80
Event: 1.375 Thread 0x0000027cf5a14bb0 Thread added: 0x0000027cff145b50
Event: 1.376 Thread 0x0000027cf5a14bb0 Thread added: 0x0000027cff148e50
Event: 1.377 Thread 0x0000027cf5a14bb0 Thread added: 0x0000027cff14c3b0
Event: 1.379 Thread 0x0000027cf5a14bb0 Thread added: 0x0000027cff14d2a0
Event: 1.381 Thread 0x0000027cf5a14bb0 Thread added: 0x0000027cff14e780
Event: 1.382 Thread 0x0000027cf5a14bb0 Thread added: 0x0000027cff14f390
Event: 1.383 Thread 0x0000027cf5a14bb0 Thread added: 0x0000027cff154140
Event: 1.388 Thread 0x0000027cf5a14bb0 Thread added: 0x0000027cff156cb0
Event: 1.533 Thread 0x0000027cf5a14bb0 Thread added: 0x0000027cff3da980
Event: 1.566 Loaded shared library C:\Program Files\JetBrains\PyCharm 2025.2.0.1\jbr\bin\net.dll
Event: 1.593 Loaded shared library C:\Program Files\JetBrains\PyCharm 2025.2.0.1\jbr\bin\nio.dll
Event: 1.616 Loaded shared library C:\Program Files\JetBrains\PyCharm 2025.2.0.1\jbr\bin\zip.dll
Event: 1.843 Loaded shared library C:\Program Files\JetBrains\PyCharm 2025.2.0.1\jbr\bin\jimage.dll
Event: 3.723 Loaded shared library C:\Program Files\JetBrains\PyCharm 2025.2.0.1\jbr\bin\sunmscapi.dll
Event: 4.226 Loaded shared library C:\Program Files\JetBrains\PyCharm 2025.2.0.1\jbr\bin\extnet.dll
Event: 4.318 Thread 0x0000027cf5a14bb0 Thread added: 0x0000027cff5fd270
Event: 4.677 Thread 0x0000027cff5fd270 Thread added: 0x0000027cff6aaad0
Event: 4.798 Thread 0x0000027cff5fd270 Thread added: 0x0000027cff6af590


Dynamic libraries:
0x00007ff6a26b0000 - 0x00007ff6a26ba000 	C:\Program Files\JetBrains\PyCharm 2025.2.0.1\jbr\bin\java.exe
0x00007ffb02ff0000 - 0x00007ffb03207000 	C:\WINDOWS\SYSTEM32\ntdll.dll
0x00007ffacf4a0000 - 0x00007ffacf4ba000 	C:\Program Files\Avast Software\Avast\aswhook.dll
0x00007ffb022b0000 - 0x00007ffb02374000 	C:\WINDOWS\System32\KERNEL32.DLL
0x00007ffb003d0000 - 0x00007ffb007a2000 	C:\WINDOWS\System32\KERNELBASE.dll
0x00007ffb00160000 - 0x00007ffb00271000 	C:\WINDOWS\System32\ucrtbase.dll
0x00007ffaeac90000 - 0x00007ffaeaca8000 	C:\Program Files\JetBrains\PyCharm 2025.2.0.1\jbr\bin\jli.dll
0x00007ffb02740000 - 0x00007ffb028f1000 	C:\WINDOWS\System32\USER32.dll
0x00007ffb007b0000 - 0x00007ffb007d6000 	C:\WINDOWS\System32\win32u.dll
0x00007ffb015a0000 - 0x00007ffb015c9000 	C:\WINDOWS\System32\GDI32.dll
0x00007ffaf63b0000 - 0x00007ffaf63cb000 	C:\Program Files\JetBrains\PyCharm 2025.2.0.1\jbr\bin\VCRUNTIME140.dll
0x00007ffb007e0000 - 0x00007ffb00903000 	C:\WINDOWS\System32\gdi32full.dll
0x00007ffaece40000 - 0x00007ffaed0db000 	C:\WINDOWS\WinSxS\amd64_microsoft.windows.common-controls_6595b64144ccf1df_6.0.22621.5547_none_27104afb73855772\COMCTL32.dll
0x00007ffb02900000 - 0x00007ffb029a7000 	C:\WINDOWS\System32\msvcrt.dll
0x00007ffb002b0000 - 0x00007ffb0034a000 	C:\WINDOWS\System32\msvcp_win.dll
0x00007ffb02eb0000 - 0x00007ffb02ee1000 	C:\WINDOWS\System32\IMM32.DLL
0x00007ffaf8510000 - 0x00007ffaf851c000 	C:\Program Files\JetBrains\PyCharm 2025.2.0.1\jbr\bin\vcruntime140_1.dll
0x00007ffac8f70000 - 0x00007ffac8ffd000 	C:\Program Files\JetBrains\PyCharm 2025.2.0.1\jbr\bin\msvcp140.dll
0x00007ffaa7990000 - 0x00007ffaa8754000 	C:\Program Files\JetBrains\PyCharm 2025.2.0.1\jbr\bin\server\jvm.dll
0x00007ffb02ef0000 - 0x00007ffb02fa1000 	C:\WINDOWS\System32\ADVAPI32.dll
0x00007ffb01d50000 - 0x00007ffb01df8000 	C:\WINDOWS\System32\sechost.dll
0x00007ffb00280000 - 0x00007ffb002a8000 	C:\WINDOWS\System32\bcrypt.dll
0x00007ffb02ac0000 - 0x00007ffb02bd4000 	C:\WINDOWS\System32\RPCRT4.dll
0x00007ffb02430000 - 0x00007ffb024a1000 	C:\WINDOWS\System32\WS2_32.dll
0x00007ffafffb0000 - 0x00007ffaffffd000 	C:\WINDOWS\SYSTEM32\POWRPROF.dll
0x00007ffaf6eb0000 - 0x00007ffaf6eba000 	C:\WINDOWS\SYSTEM32\VERSION.dll
0x00007ffafc5a0000 - 0x00007ffafc5d4000 	C:\WINDOWS\SYSTEM32\WINMM.dll
0x00007ffafff90000 - 0x00007ffafffa3000 	C:\WINDOWS\SYSTEM32\UMPDC.dll
0x00007ffaff110000 - 0x00007ffaff128000 	C:\WINDOWS\SYSTEM32\kernel.appcore.dll
0x00007ffaf66d0000 - 0x00007ffaf66da000 	C:\Program Files\JetBrains\PyCharm 2025.2.0.1\jbr\bin\jimage.dll
0x00007ffaf9080000 - 0x00007ffaf92b3000 	C:\WINDOWS\SYSTEM32\DBGHELP.DLL
0x00007ffb01f10000 - 0x00007ffb022a3000 	C:\WINDOWS\System32\combase.dll
0x00007ffb02d60000 - 0x00007ffb02e37000 	C:\WINDOWS\System32\OLEAUT32.dll
0x00007ffaf5d70000 - 0x00007ffaf5da2000 	C:\WINDOWS\SYSTEM32\dbgcore.DLL
0x00007ffb000e0000 - 0x00007ffb0015b000 	C:\WINDOWS\System32\bcryptPrimitives.dll
0x00007ffaf53c0000 - 0x00007ffaf53e0000 	C:\Program Files\JetBrains\PyCharm 2025.2.0.1\jbr\bin\java.dll
0x00007ffb00c80000 - 0x00007ffb01522000 	C:\WINDOWS\System32\SHELL32.dll
0x00007ffb00b40000 - 0x00007ffb00c7f000 	C:\WINDOWS\System32\wintypes.dll
0x00007ffafe010000 - 0x00007ffafe92d000 	C:\WINDOWS\SYSTEM32\windows.storage.dll
0x00007ffb01c10000 - 0x00007ffb01d1c000 	C:\WINDOWS\System32\SHCORE.dll
0x00007ffb01530000 - 0x00007ffb01599000 	C:\WINDOWS\System32\shlwapi.dll
0x00007ffb00010000 - 0x00007ffb0003b000 	C:\WINDOWS\SYSTEM32\profapi.dll
0x00007ffaf66a0000 - 0x00007ffaf66b0000 	C:\Program Files\JetBrains\PyCharm 2025.2.0.1\jbr\bin\net.dll
0x00007ffaf93b0000 - 0x00007ffaf94dc000 	C:\WINDOWS\SYSTEM32\WINHTTP.dll
0x00007ffade0a0000 - 0x00007ffade0c0000 	C:\WINDOWS\system32\PrxerDrv.dll
0x00007ffaff590000 - 0x00007ffaff5f9000 	C:\WINDOWS\system32\mswsock.dll
0x00007ffaf4da0000 - 0x00007ffaf4db6000 	C:\Program Files\JetBrains\PyCharm 2025.2.0.1\jbr\bin\nio.dll
0x00007ffaf4e50000 - 0x00007ffaf4e68000 	C:\Program Files\JetBrains\PyCharm 2025.2.0.1\jbr\bin\zip.dll
0x00007ffaff7e0000 - 0x00007ffaff7fb000 	C:\WINDOWS\SYSTEM32\CRYPTSP.dll
0x00007ffaff070000 - 0x00007ffaff0a7000 	C:\WINDOWS\system32\rsaenh.dll
0x00007ffaff680000 - 0x00007ffaff6a8000 	C:\WINDOWS\SYSTEM32\USERENV.dll
0x00007ffaff800000 - 0x00007ffaff80c000 	C:\WINDOWS\SYSTEM32\CRYPTBASE.dll
0x00007ffafebd0000 - 0x00007ffafebfd000 	C:\WINDOWS\SYSTEM32\IPHLPAPI.DLL
0x00007ffb01a60000 - 0x00007ffb01a69000 	C:\WINDOWS\System32\NSI.dll
0x00007ffaf63a0000 - 0x00007ffaf63ae000 	C:\Program Files\JetBrains\PyCharm 2025.2.0.1\jbr\bin\sunmscapi.dll
0x00007ffb00910000 - 0x00007ffb00a77000 	C:\WINDOWS\System32\CRYPT32.dll
0x00007ffaff9a0000 - 0x00007ffaff9cd000 	C:\WINDOWS\SYSTEM32\ncrypt.dll
0x00007ffaff960000 - 0x00007ffaff997000 	C:\WINDOWS\SYSTEM32\NTASN1.dll
0x00007ffaf4f70000 - 0x00007ffaf4f78000 	C:\WINDOWS\system32\wshunix.dll
0x00007ffaf4d50000 - 0x00007ffaf4d59000 	C:\Program Files\JetBrains\PyCharm 2025.2.0.1\jbr\bin\extnet.dll

dbghelp: loaded successfully - version: 4.0.5 - missing functions: none
symbol engine: initialized successfully - sym options: 0x614 - pdb path: .;C:\Program Files\JetBrains\PyCharm 2025.2.0.1\jbr\bin;C:\WINDOWS\SYSTEM32;C:\Program Files\Avast Software\Avast;C:\WINDOWS\WinSxS\amd64_microsoft.windows.common-controls_6595b64144ccf1df_6.0.22621.5547_none_27104afb73855772;C:\Program Files\JetBrains\PyCharm 2025.2.0.1\jbr\bin\server

VM Arguments:
java_command: git4idea.http.GitAskPassApp Username for 'https://github.com': 
java_class_path (initial): C:/Program Files/JetBrains/PyCharm 2025.2.0.1/plugins/vcs-git/lib/git4idea-rt.jar;C:/Program Files/JetBrains/PyCharm 2025.2.0.1/lib/externalProcess-rt.jar
Launcher Type: SUN_STANDARD

[Global flags]
     intx CICompilerCount                          = 3                                         {product} {ergonomic}
     uint ConcGCThreads                            = 1                                         {product} {ergonomic}
     uint G1ConcRefinementThreads                  = 4                                         {product} {ergonomic}
   size_t G1HeapRegionSize                         = 1048576                                   {product} {ergonomic}
    uintx GCDrainStackTargetSize                   = 64                                        {product} {ergonomic}
   size_t InitialHeapSize                          = 58720256                                  {product} {ergonomic}
   size_t MarkStackSize                            = 4194304                                   {product} {ergonomic}
   size_t MaxHeapSize                              = 910163968                                 {product} {ergonomic}
   size_t MaxNewSize                               = 545259520                                 {product} {ergonomic}
   size_t MinHeapDeltaBytes                        = 1048576                                   {product} {ergonomic}
   size_t MinHeapSize                              = 8388608                                   {product} {ergonomic}
    uintx NonNMethodCodeHeapSize                   = 5832780                                {pd product} {ergonomic}
    uintx NonProfiledCodeHeapSize                  = 122912730                              {pd product} {ergonomic}
    uintx ProfiledCodeHeapSize                     = 122912730                              {pd product} {ergonomic}
    uintx ReservedCodeCacheSize                    = 251658240                              {pd product} {ergonomic}
     bool SegmentedCodeCache                       = true                                      {product} {ergonomic}
   size_t SoftMaxHeapSize                          = 910163968                              {manageable} {ergonomic}
     bool UseCompressedOops                        = true                           {product lp64_product} {ergonomic}
     bool UseG1GC                                  = true                                      {product} {ergonomic}
     bool UseLargePagesIndividualAllocation        = false                                  {pd product} {ergonomic}

Logging:
Log output configuration:
 #0: stdout all=warning uptime,level,tags foldmultilines=false
 #1: stderr all=off uptime,level,tags foldmultilines=false

Environment Variables:
PATH=C:/Program Files/Git/mingw64/libexec/git-core;C:/Program Files/Git/mingw64/libexec/git-core;C:\Program Files\Git\mingw64\bin;C:\Program Files\Git\usr\bin;C:\Users\wwwdi\bin;C:\WINDOWS\system32;C:\WINDOWS;C:\WINDOWS\System32\Wbem;C:\WINDOWS\System32\WindowsPowerShell\v1.0\;C:\WINDOWS\System32\OpenSSH\;C:\Program Files\HP\HP One Agent;C:\Program Files (x86)\Microsoft SQL Server\160\Tools\Binn\;C:\Program Files\Microsoft SQL Server\160\Tools\Binn\;C:\Program Files\Microsoft SQL Server\Client SDK\ODBC\170\Tools\Binn\;C:\Program Files\Microsoft SQL Server\160\DTS\Binn\;C:\Program Files (x86)\Microsoft SQL Server\160\DTS\Binn\;C:\Program Files\Git\cmd;C:\Users\wwwdi\AppData\Local\Programs\Python\Python313\Scripts\;C:\Users\wwwdi\AppData\Local\Programs\Python\Python313\;C:\Users\wwwdi\AppData\Local\Microsoft\WindowsApps;C:\Program Files\JetBrains\PyCharm 2025.2.0.1\bin
USERNAME=wwwdi
DISPLAY=:0.0
LC_ALL=en_US.UTF-8
TERM=xterm-256color
TMPDIR=C:\Users\wwwdi\AppData\Local\Temp
OS=Windows_NT
PROCESSOR_IDENTIFIER=AMD64 Family 23 Model 24 Stepping 1, AuthenticAMD
TMP=C:\Users\wwwdi\AppData\Local\Temp
TEMP=C:\Users\wwwdi\AppData\Local\Temp




Periodic native trim disabled

JNI global refs:
JNI global refs: 19, weak refs: 0

JNI global refs memory usage: 835, weak refs: 833

Process memory usage:
Resident Set Size: 82988K (2% of 3547160K total physical memory with 321244K free physical memory)

OOME stack traces (most recent first):
Classloader memory used:
Loader jdk.internal.loader.ClassLoaders$PlatformClassLoader                            : 1600K
Loader bootstrap                                                                       : 1419K
Loader jdk.internal.loader.ClassLoaders$AppClassLoader                                 : 25616B

---------------  S Y S T E M  ---------------

OS:
 Windows 11 , 64 bit Build 22621 (10.0.22621.5415)
OS uptime: 43 days 2:15 hours

CPU: total 4 (initial active 4) (4 cores per cpu, 2 threads per core) family 23 model 24 stepping 1 microcode 0x0, cx8, cmov, fxsr, ht, mmx, 3dnowpref, sse, sse2, sse3, ssse3, sse4a, sse4.1, sse4.2, popcnt, lzcnt, tsc, tscinvbit, avx, avx2, aes, clmul, bmi1, bmi2, adx, sha, fma, vzeroupper, clflush, clflushopt, rdtscp, f16c
Processor Information for the first 4 processors :
  Max Mhz: 2600, Current Mhz: 2600, Mhz Limit: 2600

Memory: 4k page, system-wide physical 3464M (314M free)
TotalPageFile size 14216M (AvailPageFile size 6M)
current process WorkingSet (physical memory assigned to process): 81M, peak: 81M
current process commit charge ("private bytes"): 153M, peak: 155M

vm_info: OpenJDK 64-Bit Server VM (21.0.7+6-b1038.58) for windows-amd64 JRE (21.0.7+6-b1038.58), built on 2025-07-07 by "builduser" with MS VC++ 16.10 / 16.11 (VS2019)

END.
